<?xml version="1.0" encoding="UTF-8"?>
<testng-results skipped="0" failed="0" total="1" passed="1">
  <reporter-output>
  </reporter-output>
  <suite name="Sample" duration-ms="53846" started-at="2016-10-23T10:50:17Z" finished-at="2016-10-23T10:51:11Z">
    <groups>
    </groups>
    <test name="Command line test" duration-ms="53846" started-at="2016-10-23T10:50:17Z" finished-at="2016-10-23T10:51:11Z">
      <class name="Sample">
        <test-method status="PASS" signature="testDHGG()[pri:0, instance:Sample@3c756e4d]" name="testDHGG" duration-ms="53792" started-at="2016-10-23T18:50:17Z" finished-at="2016-10-23T18:51:11Z">
          <reporter-output>
          </reporter-output>
        </test-method> <!-- testDHGG -->
      </class> <!-- Sample -->
    </test> <!-- Command line test -->
  </suite> <!-- Sample -->
</testng-results>
