<?xml version="1.0" encoding="UTF-8"?>
<testng-results skipped="1" failed="0" total="3" passed="2">
  <reporter-output>
  </reporter-output>
  <suite name="Default suite" duration-ms="79833" started-at="2016-09-27T13:51:27Z" finished-at="2016-09-27T13:52:46Z">
    <groups>
    </groups>
    <test name="Default test" duration-ms="79833" started-at="2016-09-27T13:51:27Z" finished-at="2016-09-27T13:52:46Z">
      <class name="Sample">
        <test-method status="PASS" signature="testDHGG()[pri:0, instance:Sample@79be0360]" name="testDHGG" duration-ms="29998" started-at="2016-09-27T21:51:27Z" finished-at="2016-09-27T21:51:57Z">
          <reporter-output>
          </reporter-output>
        </test-method> <!-- testDHGG -->
      </class> <!-- Sample -->
      <class name="my.testcase.GetTaoBaoGold">
        <test-method status="FAIL" signature="init()[pri:0, instance:my.testcase.GetTaoBaoGold@57855c9a]" name="init" is-config="true" duration-ms="0" started-at="2016-09-27T21:52:45Z" finished-at="2016-09-27T21:52:45Z">
          <exception class="java.lang.NullPointerException">
            <full-stacktrace>
              <![CDATA[java.lang.NullPointerException
	at java.io.File.<init>(File.java:277)
	at my.utils.DriverFactory.getFirefoxDriver(DriverFactory.java:118)
	at my.testcase.GetTaoBaoGold.init(GetTaoBaoGold.java:23)
	at sun.reflect.NativeMethodAccessorImpl.invoke0(Native Method)
	at sun.reflect.NativeMethodAccessorImpl.invoke(NativeMethodAccessorImpl.java:62)
	at sun.reflect.DelegatingMethodAccessorImpl.invoke(DelegatingMethodAccessorImpl.java:43)
	at java.lang.reflect.Method.invoke(Method.java:498)
	at org.testng.internal.MethodInvocationHelper.invokeMethod(MethodInvocationHelper.java:85)
	at org.testng.internal.Invoker.invokeConfigurationMethod(Invoker.java:510)
	at org.testng.internal.Invoker.invokeConfigurations(Invoker.java:211)
	at org.testng.internal.Invoker.invokeMethod(Invoker.java:585)
	at org.testng.internal.Invoker.invokeTestMethod(Invoker.java:816)
	at org.testng.internal.Invoker.invokeTestMethods(Invoker.java:1124)
	at org.testng.internal.TestMethodWorker.invokeTestMethods(TestMethodWorker.java:125)
	at org.testng.internal.TestMethodWorker.run(TestMethodWorker.java:108)
	at org.testng.TestRunner.privateRun(TestRunner.java:774)
	at org.testng.TestRunner.run(TestRunner.java:624)
	at org.testng.SuiteRunner.runTest(SuiteRunner.java:359)
	at org.testng.SuiteRunner.runSequentially(SuiteRunner.java:354)
	at org.testng.SuiteRunner.privateRun(SuiteRunner.java:312)
	at org.testng.SuiteRunner.run(SuiteRunner.java:261)
	at org.testng.SuiteRunnerWorker.runSuite(SuiteRunnerWorker.java:52)
	at org.testng.SuiteRunnerWorker.run(SuiteRunnerWorker.java:86)
	at org.testng.TestNG.runSuitesSequentially(TestNG.java:1215)
	at org.testng.TestNG.runSuitesLocally(TestNG.java:1140)
	at org.testng.TestNG.run(TestNG.java:1048)
	at org.testng.remote.AbstractRemoteTestNG.run(AbstractRemoteTestNG.java:126)
	at org.testng.remote.RemoteTestNG.initAndRun(RemoteTestNG.java:152)
	at org.testng.remote.RemoteTestNG.main(RemoteTestNG.java:57)
]]>
            </full-stacktrace>
          </exception> <!-- java.lang.NullPointerException -->
          <reporter-output>
          </reporter-output>
        </test-method> <!-- init -->
        <test-method status="SKIP" signature="getgold()[pri:0, instance:my.testcase.GetTaoBaoGold@57855c9a]" name="getgold" duration-ms="2" started-at="2016-09-27T21:52:46Z" finished-at="2016-09-27T21:52:46Z">
          <reporter-output>
          </reporter-output>
        </test-method> <!-- getgold -->
      </class> <!-- my.testcase.GetTaoBaoGold -->
      <class name="my.testcase.TestCase2">
        <test-method status="PASS" signature="init()[pri:0, instance:my.testcase.TestCase2@22a67b4]" name="init" is-config="true" duration-ms="14287" started-at="2016-09-27T21:51:57Z" finished-at="2016-09-27T21:52:11Z">
          <reporter-output>
          </reporter-output>
        </test-method> <!-- init -->
        <test-method status="PASS" signature="testDHGG()[pri:0, instance:my.testcase.TestCase2@22a67b4]" name="testDHGG" duration-ms="34462" started-at="2016-09-27T21:52:11Z" finished-at="2016-09-27T21:52:45Z">
          <reporter-output>
          </reporter-output>
        </test-method> <!-- testDHGG -->
      </class> <!-- my.testcase.TestCase2 -->
    </test> <!-- Default test -->
  </suite> <!-- Default suite -->
</testng-results>
